<?xml version="1.0" encoding="UTF-8"?>
<testsuite name="com.github.malursilva.test.validator.UserAuthenticationValidatorTest" tests="1" skipped="0" failures="0" errors="0" timestamp="2019-07-24T19:01:30" hostname="nbgv00051" time="0.005">
  <properties/>
  <testcase name="shouldBeInvalidWhenPasswordSizeIsLargerThanMax" classname="com.github.malursilva.test.validator.UserAuthenticationValidatorTest" time="0.005"/>
  <system-out><![CDATA[]]></system-out>
  <system-err><![CDATA[]]></system-err>
</testsuite>
